{
  "RSpec": {
    "coverage": {
      "/etc/puppetlabs/code/environments/m/modules/policy/lib/puppetx/policy.rb": [
        1,
        1,
        null,
        null
      ],
      "/etc/puppetlabs/code/environments/m/modules/policy/lib/puppetx/policy/auto_spec.rb": [
        1,
        1,
        18,
        null,
        null,
        1,
        6,
        6,
        6,
        null,
        null,
        1,
        6,
        36,
        36,
        36,
        0,
        0,
        null,
        36,
        null,
        36,
        36,
        null,
        36,
        0,
        null,
        null,
        null,
        null
      ],
      "/etc/puppetlabs/code/environments/m/modules/policy/lib/puppetx/policy/auto_spec/file.rb": [
        1,
        0,
        0,
        null,
        0,
        null,
        0,
        null,
        0,
        null,
        0,
        null,
        null,
        null,
        0,
        0,
        null
      ],
      "/etc/puppetlabs/code/environments/m/modules/policy/lib/puppetx/policy/auto_spec/group.rb": [
        1,
        0,
        0,
        0,
        0,
        null,
        0,
        null,
        0,
        null,
        null
      ],
      "/etc/puppetlabs/code/environments/m/modules/policy/lib/puppetx/policy/auto_spec/host.rb": [
        1,
        0,
        0,
        0,
        0,
        0,
        0,
        0,
        null,
        0,
        null
      ],
      "/etc/puppetlabs/code/environments/m/modules/policy/lib/puppetx/policy/auto_spec/package.rb": [
        1,
        0,
        0,
        0,
        0,
        null
      ],
      "/etc/puppetlabs/code/environments/m/modules/policy/lib/puppetx/policy/auto_spec/service.rb": [
        1,
        0,
        0,
        0,
        0,
        0,
        0,
        0,
        null
      ],
      "/etc/puppetlabs/code/environments/m/modules/policy/lib/puppetx/policy/auto_spec/user.rb": [
        1,
        0,
        0,
        0,
        0,
        0,
        0,
        0,
        null,
        0,
        0,
        null,
        0,
        null,
        0,
        null
      ]
    },
    "timestamp": 1505911180
  }
}
